[2020-10-31 01:38:49.296] [exthost] [info] extension host started
[2020-10-31 01:38:49.352] [exthost] [info] ExtensionService#_doActivateExtension ms-vscode.js-debug {"startup":false,"extensionId":{"value":"ms-vscode.js-debug","_lower":"ms-vscode.js-debug"},"activationEvent":"onDebugDynamicConfigurations"}
[2020-10-31 01:38:49.353] [exthost] [info] ExtensionService#loadCommonJSModule file:///root/.vscode-server/bin/d2e414d9e4239a252d1ab117bd7067f125afd80a/extensions/ms-vscode.js-debug/src/extension.js
[2020-10-31 01:38:49.633] [exthost] [info] ExtensionService#_doActivateExtension vscode.debug-auto-launch {"startup":true,"extensionId":{"value":"vscode.debug-auto-launch","_lower":"vscode.debug-auto-launch"},"activationEvent":"*"}
[2020-10-31 01:38:49.634] [exthost] [info] ExtensionService#loadCommonJSModule file:///root/.vscode-server/bin/d2e414d9e4239a252d1ab117bd7067f125afd80a/extensions/debug-auto-launch/dist/extension
[2020-10-31 01:38:49.636] [exthost] [info] ExtensionService#_doActivateExtension vscode.emmet {"startup":true,"extensionId":{"value":"vscode.emmet","_lower":"vscode.emmet"},"activationEvent":"*"}
[2020-10-31 01:38:49.636] [exthost] [info] ExtensionService#loadCommonJSModule file:///root/.vscode-server/bin/d2e414d9e4239a252d1ab117bd7067f125afd80a/extensions/emmet/dist/node/emmetNodeMain
[2020-10-31 01:38:49.657] [exthost] [info] ExtensionService#_doActivateExtension vscode.git {"startup":true,"extensionId":{"value":"vscode.github","_lower":"vscode.github"},"activationEvent":"*"}
[2020-10-31 01:38:49.657] [exthost] [info] ExtensionService#loadCommonJSModule file:///root/.vscode-server/bin/d2e414d9e4239a252d1ab117bd7067f125afd80a/extensions/git/dist/main
[2020-10-31 01:38:49.708] [exthost] [info] ExtensionService#_doActivateExtension vscode.merge-conflict {"startup":true,"extensionId":{"value":"vscode.merge-conflict","_lower":"vscode.merge-conflict"},"activationEvent":"*"}
[2020-10-31 01:38:49.708] [exthost] [info] ExtensionService#loadCommonJSModule file:///root/.vscode-server/bin/d2e414d9e4239a252d1ab117bd7067f125afd80a/extensions/merge-conflict/dist/mergeConflictMain
[2020-10-31 01:38:49.711] [exthost] [info] ExtensionService#_doActivateExtension vscode.search-result {"startup":true,"extensionId":{"value":"vscode.search-result","_lower":"vscode.search-result"},"activationEvent":"*"}
[2020-10-31 01:38:49.711] [exthost] [info] ExtensionService#loadCommonJSModule file:///root/.vscode-server/bin/d2e414d9e4239a252d1ab117bd7067f125afd80a/extensions/search-result/dist/extension.js
[2020-10-31 01:38:49.804] [exthost] [info] ExtensionService#_doActivateExtension vscode.github {"startup":true,"extensionId":{"value":"vscode.github","_lower":"vscode.github"},"activationEvent":"*"}
[2020-10-31 01:38:49.804] [exthost] [info] ExtensionService#loadCommonJSModule file:///root/.vscode-server/bin/d2e414d9e4239a252d1ab117bd7067f125afd80a/extensions/github/dist/extension.js
[2020-10-31 01:38:49.859] [exthost] [info] eager extensions activated
[2020-10-31 01:51:57.956] [exthost] [info] ExtensionService#_doActivateExtension ms-python.python {"startup":false,"extensionId":{"value":"ms-python.python","_lower":"ms-python.python"},"activationEvent":"onLanguage:python"}
[2020-10-31 01:51:57.956] [exthost] [info] ExtensionService#loadCommonJSModule file:///root/.vscode-server/extensions/ms-python.python-2020.10.332292344/out/client/extension
[2020-10-31 04:50:47.400] [exthost] [info] ExtensionService#_doActivateExtension vscode.html-language-features {"startup":false,"extensionId":{"value":"vscode.html-language-features","_lower":"vscode.html-language-features"},"activationEvent":"onLanguage:html"}
[2020-10-31 04:50:47.400] [exthost] [info] ExtensionService#loadCommonJSModule file:///root/.vscode-server/bin/d2e414d9e4239a252d1ab117bd7067f125afd80a/extensions/html-language-features/client/dist/node/htmlClientMain
