[2020-10-30 22:42:50.268] [exthost] [info] extension host started
[2020-10-30 22:42:50.409] [exthost] [info] ExtensionService#_doActivateExtension ms-vscode.js-debug {"startup":false,"extensionId":{"value":"ms-vscode.js-debug","_lower":"ms-vscode.js-debug"},"activationEvent":"onDebugDynamicConfigurations"}
[2020-10-30 22:42:50.409] [exthost] [info] ExtensionService#loadCommonJSModule file:///root/.vscode-server/bin/d2e414d9e4239a252d1ab117bd7067f125afd80a/extensions/ms-vscode.js-debug/src/extension.js
[2020-10-30 22:42:51.489] [exthost] [info] ExtensionService#_doActivateExtension vscode.debug-auto-launch {"startup":true,"extensionId":{"value":"vscode.debug-auto-launch","_lower":"vscode.debug-auto-launch"},"activationEvent":"*"}
[2020-10-30 22:42:51.489] [exthost] [info] ExtensionService#loadCommonJSModule file:///root/.vscode-server/bin/d2e414d9e4239a252d1ab117bd7067f125afd80a/extensions/debug-auto-launch/dist/extension
[2020-10-30 22:42:51.533] [exthost] [info] ExtensionService#_doActivateExtension vscode.emmet {"startup":true,"extensionId":{"value":"vscode.emmet","_lower":"vscode.emmet"},"activationEvent":"*"}
[2020-10-30 22:42:51.533] [exthost] [info] ExtensionService#loadCommonJSModule file:///root/.vscode-server/bin/d2e414d9e4239a252d1ab117bd7067f125afd80a/extensions/emmet/dist/node/emmetNodeMain
[2020-10-30 22:42:51.608] [exthost] [info] ExtensionService#_doActivateExtension vscode.git {"startup":true,"extensionId":{"value":"vscode.github","_lower":"vscode.github"},"activationEvent":"*"}
[2020-10-30 22:42:51.608] [exthost] [info] ExtensionService#loadCommonJSModule file:///root/.vscode-server/bin/d2e414d9e4239a252d1ab117bd7067f125afd80a/extensions/git/dist/main
[2020-10-30 22:42:51.751] [exthost] [info] ExtensionService#_doActivateExtension vscode.merge-conflict {"startup":true,"extensionId":{"value":"vscode.merge-conflict","_lower":"vscode.merge-conflict"},"activationEvent":"*"}
[2020-10-30 22:42:51.751] [exthost] [info] ExtensionService#loadCommonJSModule file:///root/.vscode-server/bin/d2e414d9e4239a252d1ab117bd7067f125afd80a/extensions/merge-conflict/dist/mergeConflictMain
[2020-10-30 22:42:51.769] [exthost] [info] ExtensionService#_doActivateExtension vscode.search-result {"startup":true,"extensionId":{"value":"vscode.search-result","_lower":"vscode.search-result"},"activationEvent":"*"}
[2020-10-30 22:42:51.769] [exthost] [info] ExtensionService#loadCommonJSModule file:///root/.vscode-server/bin/d2e414d9e4239a252d1ab117bd7067f125afd80a/extensions/search-result/dist/extension.js
[2020-10-30 22:42:51.981] [exthost] [info] ExtensionService#_doActivateExtension vscode.github {"startup":true,"extensionId":{"value":"vscode.github","_lower":"vscode.github"},"activationEvent":"*"}
[2020-10-30 22:42:51.981] [exthost] [info] ExtensionService#loadCommonJSModule file:///root/.vscode-server/bin/d2e414d9e4239a252d1ab117bd7067f125afd80a/extensions/github/dist/extension.js
[2020-10-30 22:42:52.212] [exthost] [info] eager extensions activated
[2020-10-30 23:24:23.485] [exthost] [info] ExtensionService#_doActivateExtension vscode.html-language-features {"startup":false,"extensionId":{"value":"vscode.html-language-features","_lower":"vscode.html-language-features"},"activationEvent":"onLanguage:html"}
[2020-10-30 23:24:23.485] [exthost] [info] ExtensionService#loadCommonJSModule file:///root/.vscode-server/bin/d2e414d9e4239a252d1ab117bd7067f125afd80a/extensions/html-language-features/client/dist/node/htmlClientMain
[2020-10-30 23:28:36.940] [exthost] [info] ExtensionService#_doActivateExtension vscode.css-language-features {"startup":false,"extensionId":{"value":"vscode.css-language-features","_lower":"vscode.css-language-features"},"activationEvent":"onLanguage:css"}
[2020-10-30 23:28:36.940] [exthost] [info] ExtensionService#loadCommonJSModule file:///root/.vscode-server/bin/d2e414d9e4239a252d1ab117bd7067f125afd80a/extensions/css-language-features/client/dist/node/cssClientMain
